<?xml version="1.0" encoding="UTF-8"?>
<!-- Generated by org.testng.reporters.JUnitReportReporter -->
<testsuite hostname="DESKTOP-OAIABK3" failures="0" tests="2" name="com.abc.main.NewTest" time="0.014" errors="0" timestamp="24 Jan 2021 11:32:05 GMT" skipped="0">
  <testcase classname="com.abc.main.NewTest" name="f1" time="0.012"/>
  <testcase classname="com.abc.main.NewTest" name="f2" time="0.002"/>
</testsuite> <!-- com.abc.main.NewTest -->
